# JRE version: OpenJDK Runtime Environment Temurin-21.0.12.1+1 (21.0.12.1+1) (build 21.0.12.1+1-LTS)
# Java VM: OpenJDK 64-Bit Server VM Temurin-21.0.12.1+1 (21.0.12.1+1-LTS, mixed mode, sharing, tiered, compressed oops, compressed class ptrs, parallel gc, windows-amd64)
GC Precious Log:
 CardTable entry size: 512
 CPUs: 12 total, 12 available
 Memory: 5966M
 Large Page Support: Disabled
 NUMA Support: Disabled
 Compressed Oops: Enabled (32-bit)
 Alignments: Space 512K, Generation 512K, Heap 2M
 Heap Min Capacity: 100M
 Heap Initial Capacity: 100M
 Heap Max Capacity: 2G
 Pre-touch: Disabled
 Parallel Workers: 10
Heap:
 PSYoungGen      total 19968K, used 15803K [0x00000000d5580000, 0x00000000d6d80000, 0x0000000100000000)
  eden space 18944K, 79% used [0x00000000d5580000,0x00000000d642eca8,0x00000000d6800000)
  from space 1024K, 75% used [0x00000000d6c80000,0x00000000d6d40000,0x00000000d6d80000)
  to   space 1024K, 0% used [0x00000000d6b80000,0x00000000d6b80000,0x00000000d6c80000)
 ParOldGen       total 88064K, used 87730K [0x0000000080000000, 0x0000000085600000, 0x00000000d5580000)
  object space 88064K, 99% used [0x0000000080000000,0x00000000855acb70,0x0000000085600000)
 Metaspace       used 67109K, committed 68736K, reserved 1114112K
  class space    used 7141K, committed 7808K, reserved 1048576K
GC Heap History (20 events):
Event: 21.142 GC heap before
{Heap before GC invocations=82 (full 3):
 PSYoungGen      total 19456K, used 19456K [0x00000000d5580000, 0x00000000d6a80000, 0x0000000100000000)
  eden space 18944K, 100% used [0x00000000d5580000,0x00000000d6800000,0x00000000d6800000)
  from space 512K, 100% used [0x00000000d6a00000,0x00000000d6a80000,0x00000000d6a80000)
  to   space 1024K, 0% used [0x00000000d6880000,0x00000000d6880000,0x00000000d6980000)
 ParOldGen       total 81408K, used 81357K [0x0000000080000000, 0x0000000084f80000, 0x00000000d5580000)
  object space 81408K, 99% used [0x0000000080000000,0x0000000084f73460,0x0000000084f80000)
 Metaspace       used 64390K, committed 65984K, reserved 1114112K
  class space    used 6886K, committed 7552K, reserved 1048576K
}
Event: 21.144 GC heap after
{Heap after GC invocations=82 (full 3):
 PSYoungGen      total 19968K, used 448K [0x00000000d5580000, 0x00000000d6a80000, 0x0000000100000000)
  eden space 18944K, 0% used [0x00000000d5580000,0x00000000d5580000,0x00000000d6800000)
  from space 1024K, 43% used [0x00000000d6880000,0x00000000d68f0000,0x00000000d6980000)
  to   space 1024K, 0% used [0x00000000d6980000,0x00000000d6980000,0x00000000d6a80000)
 ParOldGen       total 81920K, used 81663K [0x0000000080000000, 0x0000000085000000, 0x00000000d5580000)
  object space 81920K, 99% used [0x0000000080000000,0x0000000084fbfd60,0x0000000085000000)
 Metaspace       used 64390K, committed 65984K, reserved 1114112K
  class space    used 6886K, committed 7552K, reserved 1048576K
}
Event: 21.167 GC heap before
{Heap before GC invocations=83 (full 3):
 PSYoungGen      total 19968K, used 19392K [0x00000000d5580000, 0x00000000d6a80000, 0x0000000100000000)
  eden space 18944K, 100% used [0x00000000d5580000,0x00000000d6800000,0x00000000d6800000)
  from space 1024K, 43% used [0x00000000d6880000,0x00000000d68f0000,0x00000000d6980000)
  to   space 1024K, 0% used [0x00000000d6980000,0x00000000d6980000,0x00000000d6a80000)
 ParOldGen       total 81920K, used 81663K [0x0000000080000000, 0x0000000085000000, 0x00000000d5580000)
  object space 81920K, 99% used [0x0000000080000000,0x0000000084fbfd60,0x0000000085000000)
 Metaspace       used 64393K, committed 65984K, reserved 1114112K
  class space    used 6886K, committed 7552K, reserved 1048576K
}
Event: 21.169 GC heap after
{Heap after GC invocations=83 (full 3):
 PSYoungGen      total 19456K, used 352K [0x00000000d5580000, 0x00000000d6a00000, 0x0000000100000000)
  eden space 18944K, 0% used [0x00000000d5580000,0x00000000d5580000,0x00000000d6800000)
  from space 512K, 68% used [0x00000000d6980000,0x00000000d69d8000,0x00000000d6a00000)
  to   space 512K, 0% used [0x00000000d6900000,0x00000000d6900000,0x00000000d6980000)
 ParOldGen       total 82432K, used 81935K [0x0000000080000000, 0x0000000085080000, 0x00000000d5580000)
  object space 82432K, 99% used [0x0000000080000000,0x0000000085003d60,0x0000000085080000)
 Metaspace       used 64393K, committed 65984K, reserved 1114112K
  class space    used 6886K, committed 7552K, reserved 1048576K
}
Event: 21.195 GC heap before
{Heap before GC invocations=84 (full 3):
 PSYoungGen      total 19456K, used 19296K [0x00000000d5580000, 0x00000000d6a00000, 0x0000000100000000)
  eden space 18944K, 100% used [0x00000000d5580000,0x00000000d6800000,0x00000000d6800000)
  from space 512K, 68% used [0x00000000d6980000,0x00000000d69d8000,0x00000000d6a00000)
  to   space 512K, 0% used [0x00000000d6900000,0x00000000d6900000,0x00000000d6980000)
 ParOldGen       total 82432K, used 81935K [0x0000000080000000, 0x0000000085080000, 0x00000000d5580000)
  object space 82432K, 99% used [0x0000000080000000,0x0000000085003d60,0x0000000085080000)
 Metaspace       used 64399K, committed 65984K, reserved 1114112K
  class space    used 6886K, committed 7552K, reserved 1048576K
}
Event: 21.197 GC heap after
{Heap after GC invocations=84 (full 3):
 PSYoungGen      total 19456K, used 384K [0x00000000d5580000, 0x00000000d6a00000, 0x0000000100000000)
  eden space 18944K, 0% used [0x00000000d5580000,0x00000000d5580000,0x00000000d6800000)
  from space 512K, 75% used [0x00000000d6900000,0x00000000d6960000,0x00000000d6980000)
  to   space 512K, 0% used [0x00000000d6980000,0x00000000d6980000,0x00000000d6a00000)
 ParOldGen       total 82432K, used 82103K [0x0000000080000000, 0x0000000085080000, 0x00000000d5580000)
  object space 82432K, 99% used [0x0000000080000000,0x000000008502dd60,0x0000000085080000)
 Metaspace       used 64399K, committed 65984K, reserved 1114112K
  class space    used 6886K, committed 7552K, reserved 1048576K
}
Event: 21.220 GC heap before
{Heap before GC invocations=85 (full 3):
 PSYoungGen      total 19456K, used 19328K [0x00000000d5580000, 0x00000000d6a00000, 0x0000000100000000)
  eden space 18944K, 100% used [0x00000000d5580000,0x00000000d6800000,0x00000000d6800000)
  from space 512K, 75% used [0x00000000d6900000,0x00000000d6960000,0x00000000d6980000)
  to   space 512K, 0% used [0x00000000d6980000,0x00000000d6980000,0x00000000d6a00000)
 ParOldGen       total 82432K, used 82103K [0x0000000080000000, 0x0000000085080000, 0x00000000d5580000)
  object space 82432K, 99% used [0x0000000080000000,0x000000008502dd60,0x0000000085080000)
 Metaspace       used 64417K, committed 66048K, reserved 1114112K
  class space    used 6886K, committed 7552K, reserved 1048576K
}
Event: 21.222 GC heap after
{Heap after GC invocations=85 (full 3):
 PSYoungGen      total 19456K, used 448K [0x00000000d5580000, 0x00000000d6a00000, 0x0000000100000000)
  eden space 18944K, 0% used [0x00000000d5580000,0x00000000d5580000,0x00000000d6800000)
  from space 512K, 87% used [0x00000000d6980000,0x00000000d69f0000,0x00000000d6a00000)
  to   space 512K, 0% used [0x00000000d6900000,0x00000000d6900000,0x00000000d6980000)
 ParOldGen       total 82432K, used 82255K [0x0000000080000000, 0x0000000085080000, 0x00000000d5580000)
  object space 82432K, 99% used [0x0000000080000000,0x0000000085053d60,0x0000000085080000)
 Metaspace       used 64417K, committed 66048K, reserved 1114112K
  class space    used 6886K, committed 7552K, reserved 1048576K
}
Event: 21.249 GC heap before
{Heap before GC invocations=86 (full 3):
 PSYoungGen      total 19456K, used 19392K [0x00000000d5580000, 0x00000000d6a00000, 0x0000000100000000)
  eden space 18944K, 100% used [0x00000000d5580000,0x00000000d6800000,0x00000000d6800000)
  from space 512K, 87% used [0x00000000d6980000,0x00000000d69f0000,0x00000000d6a00000)
  to   space 512K, 0% used [0x00000000d6900000,0x00000000d6900000,0x00000000d6980000)
 ParOldGen       total 82432K, used 82255K [0x0000000080000000, 0x0000000085080000, 0x00000000d5580000)
  object space 82432K, 99% used [0x0000000080000000,0x0000000085053d60,0x0000000085080000)
 Metaspace       used 64431K, committed 66048K, reserved 1114112K
  class space    used 6887K, committed 7552K, reserved 1048576K
}
Event: 21.251 GC heap after
{Heap after GC invocations=86 (full 3):
 PSYoungGen      total 19456K, used 352K [0x00000000d5580000, 0x00000000d6a00000, 0x0000000100000000)
  eden space 18944K, 0% used [0x00000000d5580000,0x00000000d5580000,0x00000000d6800000)
  from space 512K, 68% used [0x00000000d6900000,0x00000000d6958000,0x00000000d6980000)
  to   space 512K, 0% used [0x00000000d6980000,0x00000000d6980000,0x00000000d6a00000)
 ParOldGen       total 82944K, used 82457K [0x0000000080000000, 0x0000000085100000, 0x00000000d5580000)
  object space 82944K, 99% used [0x0000000080000000,0x0000000085086660,0x0000000085100000)
 Metaspace       used 64431K, committed 66048K, reserved 1114112K
  class space    used 6887K, committed 7552K, reserved 1048576K
}
Event: 21.280 GC heap before
{Heap before GC invocations=87 (full 3):
 PSYoungGen      total 19456K, used 19296K [0x00000000d5580000, 0x00000000d6a00000, 0x0000000100000000)
  eden space 18944K, 100% used [0x00000000d5580000,0x00000000d6800000,0x00000000d6800000)
  from space 512K, 68% used [0x00000000d6900000,0x00000000d6958000,0x00000000d6980000)
  to   space 512K, 0% used [0x00000000d6980000,0x00000000d6980000,0x00000000d6a00000)
 ParOldGen       total 82944K, used 82457K [0x0000000080000000, 0x0000000085100000, 0x00000000d5580000)
  object space 82944K, 99% used [0x0000000080000000,0x0000000085086660,0x0000000085100000)
 Metaspace       used 64474K, committed 66048K, reserved 1114112K
  class space    used 6893K, committed 7552K, reserved 1048576K
}
Event: 21.282 GC heap after
{Heap after GC invocations=87 (full 3):
 PSYoungGen      total 19456K, used 320K [0x00000000d5580000, 0x00000000d6a00000, 0x0000000100000000)
  eden space 18944K, 0% used [0x00000000d5580000,0x00000000d5580000,0x00000000d6800000)
  from space 512K, 62% used [0x00000000d6980000,0x00000000d69d0000,0x00000000d6a00000)
  to   space 512K, 0% used [0x00000000d6900000,0x00000000d6900000,0x00000000d6980000)
 ParOldGen       total 82944K, used 82641K [0x0000000080000000, 0x0000000085100000, 0x00000000d5580000)
  object space 82944K, 99% used [0x0000000080000000,0x00000000850b4660,0x0000000085100000)
 Metaspace       used 64474K, committed 66048K, reserved 1114112K
  class space    used 6893K, committed 7552K, reserved 1048576K
}
Event: 21.430 GC heap before
{Heap before GC invocations=88 (full 3):
 PSYoungGen      total 19456K, used 19264K [0x00000000d5580000, 0x00000000d6a00000, 0x0000000100000000)
  eden space 18944K, 100% used [0x00000000d5580000,0x00000000d6800000,0x00000000d6800000)
  from space 512K, 62% used [0x00000000d6980000,0x00000000d69d0000,0x00000000d6a00000)
  to   space 512K, 0% used [0x00000000d6900000,0x00000000d6900000,0x00000000d6980000)
 ParOldGen       total 82944K, used 82641K [0x0000000080000000, 0x0000000085100000, 0x00000000d5580000)
  object space 82944K, 99% used [0x0000000080000000,0x00000000850b4660,0x0000000085100000)
 Metaspace       used 64726K, committed 66368K, reserved 1114112K
  class space    used 6927K, committed 7616K, reserved 1048576K
}
Event: 21.436 GC heap after
{Heap after GC invocations=88 (full 3):
 PSYoungGen      total 19456K, used 502K [0x00000000d5580000, 0x00000000d7300000, 0x0000000100000000)
  eden space 18944K, 0% used [0x00000000d5580000,0x00000000d5580000,0x00000000d6800000)
  from space 512K, 98% used [0x00000000d6900000,0x00000000d697db38,0x00000000d6980000)
  to   space 5632K, 0% used [0x00000000d6d80000,0x00000000d6d80000,0x00000000d7300000)
 ParOldGen       total 87040K, used 86690K [0x0000000080000000, 0x0000000085500000, 0x00000000d5580000)
  object space 87040K, 99% used [0x0000000080000000,0x00000000854a8be8,0x0000000085500000)
 Metaspace       used 64726K, committed 66368K, reserved 1114112K
  class space    used 6927K, committed 7616K, reserved 1048576K
}
Event: 21.553 GC heap before
{Heap before GC invocations=89 (full 3):
 PSYoungGen      total 19456K, used 19446K [0x00000000d5580000, 0x00000000d7300000, 0x0000000100000000)
  eden space 18944K, 100% used [0x00000000d5580000,0x00000000d6800000,0x00000000d6800000)
  from space 512K, 98% used [0x00000000d6900000,0x00000000d697db38,0x00000000d6980000)
  to   space 5632K, 0% used [0x00000000d6d80000,0x00000000d6d80000,0x00000000d7300000)
 ParOldGen       total 87040K, used 86690K [0x0000000080000000, 0x0000000085500000, 0x00000000d5580000)
  object space 87040K, 99% used [0x0000000080000000,0x00000000854a8be8,0x0000000085500000)
 Metaspace       used 64847K, committed 66496K, reserved 1114112K
  class space    used 6933K, committed 7616K, reserved 1048576K
}
Event: 21.560 GC heap after
{Heap after GC invocations=89 (full 3):
 PSYoungGen      total 21504K, used 2081K [0x00000000d5580000, 0x00000000d7000000, 0x0000000100000000)
  eden space 18944K, 0% used [0x00000000d5580000,0x00000000d5580000,0x00000000d6800000)
  from space 2560K, 81% used [0x00000000d6d80000,0x00000000d6f886d8,0x00000000d7000000)
  to   space 3072K, 0% used [0x00000000d6a00000,0x00000000d6a00000,0x00000000d6d00000)
 ParOldGen       total 87552K, used 87234K [0x0000000080000000, 0x0000000085580000, 0x00000000d5580000)
  object space 87552K, 99% used [0x0000000080000000,0x0000000085530b70,0x0000000085580000)
 Metaspace       used 64847K, committed 66496K, reserved 1114112K
  class space    used 6933K, committed 7616K, reserved 1048576K
}
Event: 21.654 GC heap before
{Heap before GC invocations=90 (full 3):
 PSYoungGen      total 21504K, used 21025K [0x00000000d5580000, 0x00000000d7000000, 0x0000000100000000)
  eden space 18944K, 100% used [0x00000000d5580000,0x00000000d6800000,0x00000000d6800000)
  from space 2560K, 81% used [0x00000000d6d80000,0x00000000d6f886d8,0x00000000d7000000)
  to   space 3072K, 0% used [0x00000000d6a00000,0x00000000d6a00000,0x00000000d6d00000)
 ParOldGen       total 87552K, used 87234K [0x0000000080000000, 0x0000000085580000, 0x00000000d5580000)
  object space 87552K, 99% used [0x0000000080000000,0x0000000085530b70,0x0000000085580000)
 Metaspace       used 65048K, committed 66688K, reserved 1114112K
  class space    used 6939K, committed 7616K, reserved 1048576K
}
Event: 21.660 GC heap after
{Heap after GC invocations=90 (full 3):
 PSYoungGen      total 19456K, used 512K [0x00000000d5580000, 0x00000000d6e00000, 0x0000000100000000)
  eden space 18944K, 0% used [0x00000000d5580000,0x00000000d5580000,0x00000000d6800000)
  from space 512K, 100% used [0x00000000d6a00000,0x00000000d6a80000,0x00000000d6a80000)
  to   space 1536K, 0% used [0x00000000d6c80000,0x00000000d6c80000,0x00000000d6e00000)
 ParOldGen       total 88064K, used 87666K [0x0000000080000000, 0x0000000085600000, 0x00000000d5580000)
  object space 88064K, 99% used [0x0000000080000000,0x000000008559cb70,0x0000000085600000)
 Metaspace       used 65048K, committed 66688K, reserved 1114112K
  class space    used 6939K, committed 7616K, reserved 1048576K
}
Event: 21.895 GC heap before
{Heap before GC invocations=91 (full 3):
 PSYoungGen      total 19456K, used 19456K [0x00000000d5580000, 0x00000000d6e00000, 0x0000000100000000)
  eden space 18944K, 100% used [0x00000000d5580000,0x00000000d6800000,0x00000000d6800000)
  from space 512K, 100% used [0x00000000d6a00000,0x00000000d6a80000,0x00000000d6a80000)
  to   space 1536K, 0% used [0x00000000d6c80000,0x00000000d6c80000,0x00000000d6e00000)
 ParOldGen       total 88064K, used 87666K [0x0000000080000000, 0x0000000085600000, 0x00000000d5580000)
  object space 88064K, 99% used [0x0000000080000000,0x000000008559cb70,0x0000000085600000)
 Metaspace       used 66500K, committed 68096K, reserved 1114112K
  class space    used 7079K, committed 7744K, reserved 1048576K
}
Event: 21.897 GC heap after
{Heap after GC invocations=91 (full 3):
 PSYoungGen      total 19968K, used 768K [0x00000000d5580000, 0x00000000d6d80000, 0x0000000100000000)
  eden space 18944K, 0% used [0x00000000d5580000,0x00000000d5580000,0x00000000d6800000)
  from space 1024K, 75% used [0x00000000d6c80000,0x00000000d6d40000,0x00000000d6d80000)
  to   space 1024K, 0% used [0x00000000d6b80000,0x00000000d6b80000,0x00000000d6c80000)
 ParOldGen       total 88064K, used 87730K [0x0000000080000000, 0x0000000085600000, 0x00000000d5580000)
  object space 88064K, 99% used [0x0000000080000000,0x00000000855acb70,0x0000000085600000)
 Metaspace       used 66500K, committed 68096K, reserved 1114112K
  class space    used 7079K, committed 7744K, reserved 1048576K
}

