# JRE version: OpenJDK Runtime Environment Temurin-21.0.12.1+1 (21.0.12.1+1) (build 21.0.12.1+1-LTS)
# Java VM: OpenJDK 64-Bit Server VM Temurin-21.0.12.1+1 (21.0.12.1+1-LTS, mixed mode, sharing, tiered, compressed oops, compressed class ptrs, parallel gc, windows-amd64)
GC Precious Log:
 CardTable entry size: 512
 CPUs: 12 total, 12 available
 Memory: 5966M
 Large Page Support: Disabled
 NUMA Support: Disabled
 Compressed Oops: Enabled (32-bit)
 Alignments: Space 512K, Generation 512K, Heap 2M
 Heap Min Capacity: 100M
 Heap Initial Capacity: 100M
 Heap Max Capacity: 2G
 Pre-touch: Disabled
 Parallel Workers: 10
Heap:
 PSYoungGen      total 18944K, used 8123K [0x00000000d5580000, 0x00000000d6a80000, 0x0000000100000000)
  eden space 16896K, 36% used [0x00000000d5580000,0x00000000d5b74cd8,0x00000000d6600000)
  from space 2048K, 98% used [0x00000000d6600000,0x00000000d67fa000,0x00000000d6800000)
  to   space 2048K, 0% used [0x00000000d6800000,0x00000000d6800000,0x00000000d6a00000)
 ParOldGen       total 68608K, used 66433K [0x0000000080000000, 0x0000000084300000, 0x00000000d5580000)
  object space 68608K, 96% used [0x0000000080000000,0x00000000840e0668,0x0000000084300000)
 Metaspace       used 63214K, committed 64704K, reserved 1114112K
  class space    used 6899K, committed 7488K, reserved 1048576K
GC Heap History (20 events):
Event: 30.536 GC heap before
{Heap before GC invocations=38 (full 3):
 PSYoungGen      total 18432K, used 18428K [0x00000000d5580000, 0x00000000d6980000, 0x0000000100000000)
  eden space 17408K, 100% used [0x00000000d5580000,0x00000000d6680000,0x00000000d6680000)
  from space 1024K, 99% used [0x00000000d6800000,0x00000000d68ff020,0x00000000d6900000)
  to   space 1536K, 0% used [0x00000000d6680000,0x00000000d6680000,0x00000000d6800000)
 ParOldGen       total 68608K, used 44800K [0x0000000080000000, 0x0000000084300000, 0x00000000d5580000)
  object space 68608K, 65% used [0x0000000080000000,0x0000000082bc0050,0x0000000084300000)
 Metaspace       used 62003K, committed 63360K, reserved 1114112K
  class space    used 6774K, committed 7360K, reserved 1048576K
}
Event: 30.539 GC heap after
{Heap after GC invocations=38 (full 3):
 PSYoungGen      total 18944K, used 1408K [0x00000000d5580000, 0x00000000d6980000, 0x0000000100000000)
  eden space 17408K, 0% used [0x00000000d5580000,0x00000000d5580000,0x00000000d6680000)
  from space 1536K, 91% used [0x00000000d6680000,0x00000000d67e00e0,0x00000000d6800000)
  to   space 1536K, 0% used [0x00000000d6800000,0x00000000d6800000,0x00000000d6980000)
 ParOldGen       total 68608K, used 45608K [0x0000000080000000, 0x0000000084300000, 0x00000000d5580000)
  object space 68608K, 66% used [0x0000000080000000,0x0000000082c8a010,0x0000000084300000)
 Metaspace       used 62003K, committed 63360K, reserved 1114112K
  class space    used 6774K, committed 7360K, reserved 1048576K
}
Event: 31.039 GC heap before
{Heap before GC invocations=39 (full 3):
 PSYoungGen      total 18944K, used 18816K [0x00000000d5580000, 0x00000000d6980000, 0x0000000100000000)
  eden space 17408K, 100% used [0x00000000d5580000,0x00000000d6680000,0x00000000d6680000)
  from space 1536K, 91% used [0x00000000d6680000,0x00000000d67e00e0,0x00000000d6800000)
  to   space 1536K, 0% used [0x00000000d6800000,0x00000000d6800000,0x00000000d6980000)
 ParOldGen       total 68608K, used 45608K [0x0000000080000000, 0x0000000084300000, 0x00000000d5580000)
  object space 68608K, 66% used [0x0000000080000000,0x0000000082c8a010,0x0000000084300000)
 Metaspace       used 62087K, committed 63424K, reserved 1114112K
  class space    used 6777K, committed 7360K, reserved 1048576K
}
Event: 31.043 GC heap after
{Heap after GC invocations=39 (full 3):
 PSYoungGen      total 17920K, used 434K [0x00000000d5580000, 0x00000000d6880000, 0x0000000100000000)
  eden space 17408K, 0% used [0x00000000d5580000,0x00000000d5580000,0x00000000d6680000)
  from space 512K, 84% used [0x00000000d6800000,0x00000000d686c9a0,0x00000000d6880000)
  to   space 1024K, 0% used [0x00000000d6680000,0x00000000d6680000,0x00000000d6780000)
 ParOldGen       total 68608K, used 46846K [0x0000000080000000, 0x0000000084300000, 0x00000000d5580000)
  object space 68608K, 68% used [0x0000000080000000,0x0000000082dbfb70,0x0000000084300000)
 Metaspace       used 62087K, committed 63424K, reserved 1114112K
  class space    used 6777K, committed 7360K, reserved 1048576K
}
Event: 31.530 GC heap before
{Heap before GC invocations=40 (full 3):
 PSYoungGen      total 17920K, used 17711K [0x00000000d5580000, 0x00000000d6880000, 0x0000000100000000)
  eden space 17408K, 99% used [0x00000000d5580000,0x00000000d665f3c0,0x00000000d6680000)
  from space 512K, 84% used [0x00000000d6800000,0x00000000d686c9a0,0x00000000d6880000)
  to   space 1024K, 0% used [0x00000000d6680000,0x00000000d6680000,0x00000000d6780000)
 ParOldGen       total 68608K, used 46846K [0x0000000080000000, 0x0000000084300000, 0x00000000d5580000)
  object space 68608K, 68% used [0x0000000080000000,0x0000000082dbfb70,0x0000000084300000)
 Metaspace       used 62728K, committed 64192K, reserved 1114112K
  class space    used 6852K, committed 7424K, reserved 1048576K
}
Event: 31.546 GC heap after
{Heap after GC invocations=40 (full 3):
 PSYoungGen      total 18432K, used 1010K [0x00000000d5580000, 0x00000000d6880000, 0x0000000100000000)
  eden space 17408K, 0% used [0x00000000d5580000,0x00000000d5580000,0x00000000d6680000)
  from space 1024K, 98% used [0x00000000d6680000,0x00000000d677c948,0x00000000d6780000)
  to   space 512K, 0% used [0x00000000d6800000,0x00000000d6800000,0x00000000d6880000)
 ParOldGen       total 68608K, used 49771K [0x0000000080000000, 0x0000000084300000, 0x00000000d5580000)
  object space 68608K, 72% used [0x0000000080000000,0x000000008309af38,0x0000000084300000)
 Metaspace       used 62728K, committed 64192K, reserved 1114112K
  class space    used 6852K, committed 7424K, reserved 1048576K
}
Event: 31.677 GC heap before
{Heap before GC invocations=41 (full 3):
 PSYoungGen      total 18432K, used 18352K [0x00000000d5580000, 0x00000000d6880000, 0x0000000100000000)
  eden space 17408K, 99% used [0x00000000d5580000,0x00000000d666f918,0x00000000d6680000)
  from space 1024K, 98% used [0x00000000d6680000,0x00000000d677c948,0x00000000d6780000)
  to   space 512K, 0% used [0x00000000d6800000,0x00000000d6800000,0x00000000d6880000)
 ParOldGen       total 68608K, used 65091K [0x0000000080000000, 0x0000000084300000, 0x00000000d5580000)
  object space 68608K, 94% used [0x0000000080000000,0x0000000083f90f48,0x0000000084300000)
 Metaspace       used 63043K, committed 64512K, reserved 1114112K
  class space    used 6886K, committed 7488K, reserved 1048576K
}
Event: 31.679 GC heap after
{Heap after GC invocations=41 (full 3):
 PSYoungGen      total 17408K, used 288K [0x00000000d5580000, 0x00000000d6a80000, 0x0000000100000000)
  eden space 16896K, 0% used [0x00000000d5580000,0x00000000d5580000,0x00000000d6600000)
  from space 512K, 56% used [0x00000000d6800000,0x00000000d6848000,0x00000000d6880000)
  to   space 2048K, 0% used [0x00000000d6600000,0x00000000d6600000,0x00000000d6800000)
 ParOldGen       total 68608K, used 65750K [0x0000000080000000, 0x0000000084300000, 0x00000000d5580000)
  object space 68608K, 95% used [0x0000000080000000,0x0000000084035a20,0x0000000084300000)
 Metaspace       used 63043K, committed 64512K, reserved 1114112K
  class space    used 6886K, committed 7488K, reserved 1048576K
}
Event: 31.734 GC heap before
{Heap before GC invocations=42 (full 3):
 PSYoungGen      total 17408K, used 12993K [0x00000000d5580000, 0x00000000d6a80000, 0x0000000100000000)
  eden space 16896K, 75% used [0x00000000d5580000,0x00000000d61e8498,0x00000000d6600000)
  from space 512K, 56% used [0x00000000d6800000,0x00000000d6848000,0x00000000d6880000)
  to   space 2048K, 0% used [0x00000000d6600000,0x00000000d6600000,0x00000000d6800000)
 ParOldGen       total 68608K, used 65750K [0x0000000080000000, 0x0000000084300000, 0x00000000d5580000)
  object space 68608K, 95% used [0x0000000080000000,0x0000000084035a20,0x0000000084300000)
 Metaspace       used 63114K, committed 64576K, reserved 1114112K
  class space    used 6894K, committed 7488K, reserved 1048576K
}
Event: 31.737 GC heap after
{Heap after GC invocations=42 (full 3):
 PSYoungGen      total 17408K, used 12993K [0x00000000d5580000, 0x00000000d6a80000, 0x0000000100000000)
  eden space 16896K, 75% used [0x00000000d5580000,0x00000000d61e8498,0x00000000d6600000)
  from space 512K, 56% used [0x00000000d6800000,0x00000000d6848000,0x00000000d6880000)
  to   space 2048K, 14% used [0x00000000d6600000,0x00000000d6648000,0x00000000d6800000)
 ParOldGen       total 68608K, used 65830K [0x0000000080000000, 0x0000000084300000, 0x00000000d5580000)
  object space 68608K, 95% used [0x0000000080000000,0x0000000084049a20,0x0000000084300000)
 Metaspace       used 63114K, committed 64576K, reserved 1114112K
  class space    used 6894K, committed 7488K, reserved 1048576K
}
Event: 31.738 GC heap before
{Heap before GC invocations=43 (full 4):
 PSYoungGen      total 17408K, used 12993K [0x00000000d5580000, 0x00000000d6a80000, 0x0000000100000000)
  eden space 16896K, 75% used [0x00000000d5580000,0x00000000d61e8498,0x00000000d6600000)
  from space 512K, 56% used [0x00000000d6800000,0x00000000d6848000,0x00000000d6880000)
  to   space 2048K, 14% used [0x00000000d6600000,0x00000000d6648000,0x00000000d6800000)
 ParOldGen       total 68608K, used 65830K [0x0000000080000000, 0x0000000084300000, 0x00000000d5580000)
  object space 68608K, 95% used [0x0000000080000000,0x0000000084049a20,0x0000000084300000)
 Metaspace       used 63114K, committed 64576K, reserved 1114112K
  class space    used 6894K, committed 7488K, reserved 1048576K
}
Event: 31.823 GC heap after
{Heap after GC invocations=43 (full 4):
 PSYoungGen      total 18944K, used 0K [0x00000000d5580000, 0x00000000d6a00000, 0x0000000100000000)
  eden space 16896K, 0% used [0x00000000d5580000,0x00000000d5580000,0x00000000d6600000)
  from space 2048K, 0% used [0x00000000d6600000,0x00000000d6600000,0x00000000d6800000)
  to   space 2048K, 0% used [0x00000000d6800000,0x00000000d6800000,0x00000000d6a00000)
 ParOldGen       total 68608K, used 60938K [0x0000000080000000, 0x0000000084300000, 0x00000000d5580000)
  object space 68608K, 88% used [0x0000000080000000,0x0000000083b82a68,0x0000000084300000)
 Metaspace       used 63114K, committed 64576K, reserved 1114112K
  class space    used 6894K, committed 7488K, reserved 1048576K
}
Event: 31.843 GC heap before
{Heap before GC invocations=44 (full 4):
 PSYoungGen      total 18944K, used 16896K [0x00000000d5580000, 0x00000000d6a00000, 0x0000000100000000)
  eden space 16896K, 100% used [0x00000000d5580000,0x00000000d6600000,0x00000000d6600000)
  from space 2048K, 0% used [0x00000000d6600000,0x00000000d6600000,0x00000000d6800000)
  to   space 2048K, 0% used [0x00000000d6800000,0x00000000d6800000,0x00000000d6a00000)
 ParOldGen       total 68608K, used 60938K [0x0000000080000000, 0x0000000084300000, 0x00000000d5580000)
  object space 68608K, 88% used [0x0000000080000000,0x0000000083b82a68,0x0000000084300000)
 Metaspace       used 63169K, committed 64640K, reserved 1114112K
  class space    used 6897K, committed 7488K, reserved 1048576K
}
Event: 31.846 GC heap after
{Heap after GC invocations=44 (full 4):
 PSYoungGen      total 18944K, used 16896K [0x00000000d5580000, 0x00000000d6a00000, 0x0000000100000000)
  eden space 16896K, 100% used [0x00000000d5580000,0x00000000d6600000,0x00000000d6600000)
  from space 2048K, 0% used [0x00000000d6600000,0x00000000d6600000,0x00000000d6800000)
  to   space 2048K, 15% used [0x00000000d6800000,0x00000000d684ea58,0x00000000d6a00000)
 ParOldGen       total 68608K, used 60938K [0x0000000080000000, 0x0000000084300000, 0x00000000d5580000)
  object space 68608K, 88% used [0x0000000080000000,0x0000000083b82a68,0x0000000084300000)
 Metaspace       used 63169K, committed 64640K, reserved 1114112K
  class space    used 6897K, committed 7488K, reserved 1048576K
}
Event: 31.846 GC heap before
{Heap before GC invocations=45 (full 5):
 PSYoungGen      total 18944K, used 16896K [0x00000000d5580000, 0x00000000d6a00000, 0x0000000100000000)
  eden space 16896K, 100% used [0x00000000d5580000,0x00000000d6600000,0x00000000d6600000)
  from space 2048K, 0% used [0x00000000d6600000,0x00000000d6600000,0x00000000d6800000)
  to   space 2048K, 15% used [0x00000000d6800000,0x00000000d684ea58,0x00000000d6a00000)
 ParOldGen       total 68608K, used 60938K [0x0000000080000000, 0x0000000084300000, 0x00000000d5580000)
  object space 68608K, 88% used [0x0000000080000000,0x0000000083b82a68,0x0000000084300000)
 Metaspace       used 63169K, committed 64640K, reserved 1114112K
  class space    used 6897K, committed 7488K, reserved 1048576K
}
Event: 31.916 GC heap after
{Heap after GC invocations=45 (full 5):
 PSYoungGen      total 18944K, used 0K [0x00000000d5580000, 0x00000000d6a80000, 0x0000000100000000)
  eden space 16896K, 0% used [0x00000000d5580000,0x00000000d5580000,0x00000000d6600000)
  from space 2048K, 0% used [0x00000000d6800000,0x00000000d6800000,0x00000000d6a00000)
  to   space 2048K, 0% used [0x00000000d6600000,0x00000000d6600000,0x00000000d6800000)
 ParOldGen       total 68608K, used 59726K [0x0000000080000000, 0x0000000084300000, 0x00000000d5580000)
  object space 68608K, 87% used [0x0000000080000000,0x0000000083a53820,0x0000000084300000)
 Metaspace       used 63169K, committed 64640K, reserved 1114112K
  class space    used 6897K, committed 7488K, reserved 1048576K
}
Event: 31.974 GC heap before
{Heap before GC invocations=46 (full 5):
 PSYoungGen      total 18944K, used 16896K [0x00000000d5580000, 0x00000000d6a80000, 0x0000000100000000)
  eden space 16896K, 100% used [0x00000000d5580000,0x00000000d6600000,0x00000000d6600000)
  from space 2048K, 0% used [0x00000000d6800000,0x00000000d6800000,0x00000000d6a00000)
  to   space 2048K, 0% used [0x00000000d6600000,0x00000000d6600000,0x00000000d6800000)
 ParOldGen       total 68608K, used 59728K [0x0000000080000000, 0x0000000084300000, 0x00000000d5580000)
  object space 68608K, 87% used [0x0000000080000000,0x0000000083a54200,0x0000000084300000)
 Metaspace       used 63199K, committed 64640K, reserved 1114112K
  class space    used 6899K, committed 7488K, reserved 1048576K
}
Event: 31.979 GC heap after
{Heap after GC invocations=46 (full 5):
 PSYoungGen      total 18944K, used 2016K [0x00000000d5580000, 0x00000000d6a80000, 0x0000000100000000)
  eden space 16896K, 0% used [0x00000000d5580000,0x00000000d5580000,0x00000000d6600000)
  from space 2048K, 98% used [0x00000000d6600000,0x00000000d67f8020,0x00000000d6800000)
  to   space 2048K, 0% used [0x00000000d6800000,0x00000000d6800000,0x00000000d6a00000)
 ParOldGen       total 68608K, used 61168K [0x0000000080000000, 0x0000000084300000, 0x00000000d5580000)
  object space 68608K, 89% used [0x0000000080000000,0x0000000083bbc200,0x0000000084300000)
 Metaspace       used 63199K, committed 64640K, reserved 1114112K
  class space    used 6899K, committed 7488K, reserved 1048576K
}
Event: 32.012 GC heap before
{Heap before GC invocations=47 (full 5):
 PSYoungGen      total 18944K, used 18912K [0x00000000d5580000, 0x00000000d6a80000, 0x0000000100000000)
  eden space 16896K, 100% used [0x00000000d5580000,0x00000000d6600000,0x00000000d6600000)
  from space 2048K, 98% used [0x00000000d6600000,0x00000000d67f8020,0x00000000d6800000)
  to   space 2048K, 0% used [0x00000000d6800000,0x00000000d6800000,0x00000000d6a00000)
 ParOldGen       total 68608K, used 61170K [0x0000000080000000, 0x0000000084300000, 0x00000000d5580000)
  object space 68608K, 89% used [0x0000000080000000,0x0000000083bbcbc8,0x0000000084300000)
 Metaspace       used 63208K, committed 64704K, reserved 1114112K
  class space    used 6899K, committed 7488K, reserved 1048576K
}
Event: 32.019 GC heap after
{Heap after GC invocations=47 (full 5):
 PSYoungGen      total 18944K, used 2018K [0x00000000d5580000, 0x00000000d6a80000, 0x0000000100000000)
  eden space 16896K, 0% used [0x00000000d5580000,0x00000000d5580000,0x00000000d6600000)
  from space 2048K, 98% used [0x00000000d6800000,0x00000000d69f8960,0x00000000d6a00000)
  to   space 2048K, 0% used [0x00000000d6600000,0x00000000d6600000,0x00000000d6800000)
 ParOldGen       total 68608K, used 64012K [0x0000000080000000, 0x0000000084300000, 0x00000000d5580000)
  object space 68608K, 93% used [0x0000000080000000,0x0000000083e83040,0x0000000084300000)
 Metaspace       used 63208K, committed 64704K, reserved 1114112K
  class space    used 6899K, committed 7488K, reserved 1048576K
}

