# JRE version: OpenJDK Runtime Environment Temurin-21.0.12.1+1 (21.0.12.1+1) (build 21.0.12.1+1-LTS)
# Java VM: OpenJDK 64-Bit Server VM Temurin-21.0.12.1+1 (21.0.12.1+1-LTS, mixed mode, sharing, tiered, compressed oops, compressed class ptrs, parallel gc, windows-amd64)
GC Precious Log:
 CardTable entry size: 512
 CPUs: 12 total, 12 available
 Memory: 5966M
 Large Page Support: Disabled
 NUMA Support: Disabled
 Compressed Oops: Enabled (32-bit)
 Alignments: Space 512K, Generation 512K, Heap 2M
 Heap Min Capacity: 100M
 Heap Initial Capacity: 100M
 Heap Max Capacity: 2G
 Pre-touch: Disabled
 Parallel Workers: 10
Heap:
 PSYoungGen      total 17408K, used 2845K [0x00000000d5580000, 0x00000000d6800000, 0x0000000100000000)
  eden space 15872K, 8% used [0x00000000d5580000,0x00000000d56cd8e0,0x00000000d6500000)
  from space 1536K, 99% used [0x00000000d6680000,0x00000000d67fd400,0x00000000d6800000)
  to   space 1536K, 0% used [0x00000000d6500000,0x00000000d6500000,0x00000000d6680000)
 ParOldGen       total 68608K, used 59566K [0x0000000080000000, 0x0000000084300000, 0x00000000d5580000)
  object space 68608K, 86% used [0x0000000080000000,0x0000000083a2b9a0,0x0000000084300000)
 Metaspace       used 59056K, committed 60544K, reserved 1114112K
  class space    used 6381K, committed 7040K, reserved 1048576K
GC Heap History (20 events):
Event: 18.143 GC heap before
{Heap before GC invocations=49 (full 2):
 PSYoungGen      total 18432K, used 18147K [0x00000000d5580000, 0x00000000d6b80000, 0x0000000100000000)
  eden space 15872K, 100% used [0x00000000d5580000,0x00000000d6500000,0x00000000d6500000)
  from space 2560K, 88% used [0x00000000d6900000,0x00000000d6b38d10,0x00000000d6b80000)
  to   space 3072K, 0% used [0x00000000d6580000,0x00000000d6580000,0x00000000d6880000)
 ParOldGen       total 68608K, used 57347K [0x0000000080000000, 0x0000000084300000, 0x00000000d5580000)
  object space 68608K, 83% used [0x0000000080000000,0x0000000083800d28,0x0000000084300000)
 Metaspace       used 57908K, committed 59392K, reserved 1114112K
  class space    used 6293K, committed 6976K, reserved 1048576K
}
Event: 18.149 GC heap after
{Heap after GC invocations=49 (full 2):
 PSYoungGen      total 17408K, used 1470K [0x00000000d5580000, 0x00000000d6980000, 0x0000000100000000)
  eden space 15872K, 0% used [0x00000000d5580000,0x00000000d5580000,0x00000000d6500000)
  from space 1536K, 95% used [0x00000000d6580000,0x00000000d66efb50,0x00000000d6700000)
  to   space 2048K, 0% used [0x00000000d6780000,0x00000000d6780000,0x00000000d6980000)
 ParOldGen       total 68608K, used 59139K [0x0000000080000000, 0x0000000084300000, 0x00000000d5580000)
  object space 68608K, 86% used [0x0000000080000000,0x00000000839c0d28,0x0000000084300000)
 Metaspace       used 57908K, committed 59392K, reserved 1114112K
  class space    used 6293K, committed 6976K, reserved 1048576K
}
Event: 18.207 GC heap before
{Heap before GC invocations=50 (full 2):
 PSYoungGen      total 17408K, used 17342K [0x00000000d5580000, 0x00000000d6980000, 0x0000000100000000)
  eden space 15872K, 100% used [0x00000000d5580000,0x00000000d6500000,0x00000000d6500000)
  from space 1536K, 95% used [0x00000000d6580000,0x00000000d66efb50,0x00000000d6700000)
  to   space 2048K, 0% used [0x00000000d6780000,0x00000000d6780000,0x00000000d6980000)
 ParOldGen       total 68608K, used 59139K [0x0000000080000000, 0x0000000084300000, 0x00000000d5580000)
  object space 68608K, 86% used [0x0000000080000000,0x00000000839c0d28,0x0000000084300000)
 Metaspace       used 57948K, committed 59392K, reserved 1114112K
  class space    used 6293K, committed 6976K, reserved 1048576K
}
Event: 18.211 GC heap after
{Heap after GC invocations=50 (full 2):
 PSYoungGen      total 17920K, used 1820K [0x00000000d5580000, 0x00000000d6980000, 0x0000000100000000)
  eden space 15872K, 0% used [0x00000000d5580000,0x00000000d5580000,0x00000000d6500000)
  from space 2048K, 88% used [0x00000000d6780000,0x00000000d69471c0,0x00000000d6980000)
  to   space 2048K, 0% used [0x00000000d6580000,0x00000000d6580000,0x00000000d6780000)
 ParOldGen       total 68608K, used 60071K [0x0000000080000000, 0x0000000084300000, 0x00000000d5580000)
  object space 68608K, 87% used [0x0000000080000000,0x0000000083aa9d38,0x0000000084300000)
 Metaspace       used 57948K, committed 59392K, reserved 1114112K
  class space    used 6293K, committed 6976K, reserved 1048576K
}
Event: 18.259 GC heap before
{Heap before GC invocations=51 (full 2):
 PSYoungGen      total 17920K, used 17692K [0x00000000d5580000, 0x00000000d6980000, 0x0000000100000000)
  eden space 15872K, 100% used [0x00000000d5580000,0x00000000d6500000,0x00000000d6500000)
  from space 2048K, 88% used [0x00000000d6780000,0x00000000d69471c0,0x00000000d6980000)
  to   space 2048K, 0% used [0x00000000d6580000,0x00000000d6580000,0x00000000d6780000)
 ParOldGen       total 68608K, used 60071K [0x0000000080000000, 0x0000000084300000, 0x00000000d5580000)
  object space 68608K, 87% used [0x0000000080000000,0x0000000083aa9d38,0x0000000084300000)
 Metaspace       used 57980K, committed 59456K, reserved 1114112K
  class space    used 6297K, committed 6976K, reserved 1048576K
}
Event: 18.265 GC heap after
{Heap after GC invocations=51 (full 2):
 PSYoungGen      total 17408K, used 1060K [0x00000000d5580000, 0x00000000d6800000, 0x0000000100000000)
  eden space 15872K, 0% used [0x00000000d5580000,0x00000000d5580000,0x00000000d6500000)
  from space 1536K, 69% used [0x00000000d6580000,0x00000000d6689240,0x00000000d6700000)
  to   space 1024K, 0% used [0x00000000d6700000,0x00000000d6700000,0x00000000d6800000)
 ParOldGen       total 68608K, used 61375K [0x0000000080000000, 0x0000000084300000, 0x00000000d5580000)
  object space 68608K, 89% used [0x0000000080000000,0x0000000083befd38,0x0000000084300000)
 Metaspace       used 57980K, committed 59456K, reserved 1114112K
  class space    used 6297K, committed 6976K, reserved 1048576K
}
Event: 18.352 GC heap before
{Heap before GC invocations=52 (full 2):
 PSYoungGen      total 17408K, used 16932K [0x00000000d5580000, 0x00000000d6800000, 0x0000000100000000)
  eden space 15872K, 100% used [0x00000000d5580000,0x00000000d6500000,0x00000000d6500000)
  from space 1536K, 69% used [0x00000000d6580000,0x00000000d6689240,0x00000000d6700000)
  to   space 1024K, 0% used [0x00000000d6700000,0x00000000d6700000,0x00000000d6800000)
 ParOldGen       total 68608K, used 61375K [0x0000000080000000, 0x0000000084300000, 0x00000000d5580000)
  object space 68608K, 89% used [0x0000000080000000,0x0000000083befd38,0x0000000084300000)
 Metaspace       used 58052K, committed 59520K, reserved 1114112K
  class space    used 6304K, committed 6976K, reserved 1048576K
}
Event: 18.356 GC heap after
{Heap after GC invocations=52 (full 2):
 PSYoungGen      total 16896K, used 773K [0x00000000d5580000, 0x00000000d6800000, 0x0000000100000000)
  eden space 15872K, 0% used [0x00000000d5580000,0x00000000d5580000,0x00000000d6500000)
  from space 1024K, 75% used [0x00000000d6700000,0x00000000d67c14c8,0x00000000d6800000)
  to   space 1024K, 0% used [0x00000000d6600000,0x00000000d6600000,0x00000000d6700000)
 ParOldGen       total 68608K, used 61935K [0x0000000080000000, 0x0000000084300000, 0x00000000d5580000)
  object space 68608K, 90% used [0x0000000080000000,0x0000000083c7bd58,0x0000000084300000)
 Metaspace       used 58052K, committed 59520K, reserved 1114112K
  class space    used 6304K, committed 6976K, reserved 1048576K
}
Event: 18.399 GC heap before
{Heap before GC invocations=53 (full 2):
 PSYoungGen      total 16896K, used 12282K [0x00000000d5580000, 0x00000000d6800000, 0x0000000100000000)
  eden space 15872K, 72% used [0x00000000d5580000,0x00000000d60bd6a8,0x00000000d6500000)
  from space 1024K, 75% used [0x00000000d6700000,0x00000000d67c14c8,0x00000000d6800000)
  to   space 1024K, 0% used [0x00000000d6600000,0x00000000d6600000,0x00000000d6700000)
 ParOldGen       total 68608K, used 61935K [0x0000000080000000, 0x0000000084300000, 0x00000000d5580000)
  object space 68608K, 90% used [0x0000000080000000,0x0000000083c7bd58,0x0000000084300000)
 Metaspace       used 58357K, committed 59776K, reserved 1114112K
  class space    used 6323K, committed 6976K, reserved 1048576K
}
Event: 18.403 GC heap after
{Heap after GC invocations=53 (full 2):
 PSYoungGen      total 16896K, used 273K [0x00000000d5580000, 0x00000000d6780000, 0x0000000100000000)
  eden space 15872K, 0% used [0x00000000d5580000,0x00000000d5580000,0x00000000d6500000)
  from space 1024K, 26% used [0x00000000d6600000,0x00000000d6644710,0x00000000d6700000)
  to   space 512K, 0% used [0x00000000d6700000,0x00000000d6700000,0x00000000d6780000)
 ParOldGen       total 68608K, used 62391K [0x0000000080000000, 0x0000000084300000, 0x00000000d5580000)
  object space 68608K, 90% used [0x0000000080000000,0x0000000083cedd58,0x0000000084300000)
 Metaspace       used 58357K, committed 59776K, reserved 1114112K
  class space    used 6323K, committed 6976K, reserved 1048576K
}
Event: 18.403 GC heap before
{Heap before GC invocations=54 (full 3):
 PSYoungGen      total 16896K, used 273K [0x00000000d5580000, 0x00000000d6780000, 0x0000000100000000)
  eden space 15872K, 0% used [0x00000000d5580000,0x00000000d5580000,0x00000000d6500000)
  from space 1024K, 26% used [0x00000000d6600000,0x00000000d6644710,0x00000000d6700000)
  to   space 512K, 0% used [0x00000000d6700000,0x00000000d6700000,0x00000000d6780000)
 ParOldGen       total 68608K, used 62391K [0x0000000080000000, 0x0000000084300000, 0x00000000d5580000)
  object space 68608K, 90% used [0x0000000080000000,0x0000000083cedd58,0x0000000084300000)
 Metaspace       used 58357K, committed 59776K, reserved 1114112K
  class space    used 6323K, committed 6976K, reserved 1048576K
}
Event: 18.564 GC heap after
{Heap after GC invocations=54 (full 3):
 PSYoungGen      total 16896K, used 0K [0x00000000d5580000, 0x00000000d6780000, 0x0000000100000000)
  eden space 15872K, 0% used [0x00000000d5580000,0x00000000d5580000,0x00000000d6500000)
  from space 1024K, 0% used [0x00000000d6600000,0x00000000d6600000,0x00000000d6700000)
  to   space 512K, 0% used [0x00000000d6700000,0x00000000d6700000,0x00000000d6780000)
 ParOldGen       total 68608K, used 51727K [0x0000000080000000, 0x0000000084300000, 0x00000000d5580000)
  object space 68608K, 75% used [0x0000000080000000,0x0000000083283c60,0x0000000084300000)
 Metaspace       used 58356K, committed 59776K, reserved 1114112K
  class space    used 6322K, committed 6976K, reserved 1048576K
}
Event: 18.638 GC heap before
{Heap before GC invocations=55 (full 3):
 PSYoungGen      total 16896K, used 15872K [0x00000000d5580000, 0x00000000d6780000, 0x0000000100000000)
  eden space 15872K, 100% used [0x00000000d5580000,0x00000000d6500000,0x00000000d6500000)
  from space 1024K, 0% used [0x00000000d6600000,0x00000000d6600000,0x00000000d6700000)
  to   space 512K, 0% used [0x00000000d6700000,0x00000000d6700000,0x00000000d6780000)
 ParOldGen       total 68608K, used 51727K [0x0000000080000000, 0x0000000084300000, 0x00000000d5580000)
  object space 68608K, 75% used [0x0000000080000000,0x0000000083283c60,0x0000000084300000)
 Metaspace       used 58693K, committed 60160K, reserved 1114112K
  class space    used 6340K, committed 7040K, reserved 1048576K
}
Event: 18.640 GC heap after
{Heap after GC invocations=55 (full 3):
 PSYoungGen      total 16384K, used 500K [0x00000000d5580000, 0x00000000d6800000, 0x0000000100000000)
  eden space 15872K, 0% used [0x00000000d5580000,0x00000000d5580000,0x00000000d6500000)
  from space 512K, 97% used [0x00000000d6700000,0x00000000d677d308,0x00000000d6780000)
  to   space 1536K, 0% used [0x00000000d6500000,0x00000000d6500000,0x00000000d6680000)
 ParOldGen       total 68608K, used 52153K [0x0000000080000000, 0x0000000084300000, 0x00000000d5580000)
  object space 68608K, 76% used [0x0000000080000000,0x00000000832ee770,0x0000000084300000)
 Metaspace       used 58693K, committed 60160K, reserved 1114112K
  class space    used 6340K, committed 7040K, reserved 1048576K
}
Event: 18.679 GC heap before
{Heap before GC invocations=56 (full 3):
 PSYoungGen      total 16384K, used 16372K [0x00000000d5580000, 0x00000000d6800000, 0x0000000100000000)
  eden space 15872K, 100% used [0x00000000d5580000,0x00000000d6500000,0x00000000d6500000)
  from space 512K, 97% used [0x00000000d6700000,0x00000000d677d308,0x00000000d6780000)
  to   space 1536K, 0% used [0x00000000d6500000,0x00000000d6500000,0x00000000d6680000)
 ParOldGen       total 68608K, used 52153K [0x0000000080000000, 0x0000000084300000, 0x00000000d5580000)
  object space 68608K, 76% used [0x0000000080000000,0x00000000832ee770,0x0000000084300000)
 Metaspace       used 58828K, committed 60288K, reserved 1114112K
  class space    used 6355K, committed 7040K, reserved 1048576K
}
Event: 18.682 GC heap after
{Heap after GC invocations=56 (full 3):
 PSYoungGen      total 17408K, used 1010K [0x00000000d5580000, 0x00000000d6800000, 0x0000000100000000)
  eden space 15872K, 0% used [0x00000000d5580000,0x00000000d5580000,0x00000000d6500000)
  from space 1536K, 65% used [0x00000000d6500000,0x00000000d65fc940,0x00000000d6680000)
  to   space 1536K, 0% used [0x00000000d6680000,0x00000000d6680000,0x00000000d6800000)
 ParOldGen       total 68608K, used 52593K [0x0000000080000000, 0x0000000084300000, 0x00000000d5580000)
  object space 68608K, 76% used [0x0000000080000000,0x000000008335c5d8,0x0000000084300000)
 Metaspace       used 58828K, committed 60288K, reserved 1114112K
  class space    used 6355K, committed 7040K, reserved 1048576K
}
Event: 18.721 GC heap before
{Heap before GC invocations=57 (full 3):
 PSYoungGen      total 17408K, used 16882K [0x00000000d5580000, 0x00000000d6800000, 0x0000000100000000)
  eden space 15872K, 100% used [0x00000000d5580000,0x00000000d6500000,0x00000000d6500000)
  from space 1536K, 65% used [0x00000000d6500000,0x00000000d65fc940,0x00000000d6680000)
  to   space 1536K, 0% used [0x00000000d6680000,0x00000000d6680000,0x00000000d6800000)
 ParOldGen       total 68608K, used 52593K [0x0000000080000000, 0x0000000084300000, 0x00000000d5580000)
  object space 68608K, 76% used [0x0000000080000000,0x000000008335c5d8,0x0000000084300000)
 Metaspace       used 58971K, committed 60416K, reserved 1114112K
  class space    used 6371K, committed 7040K, reserved 1048576K
}
Event: 18.733 GC heap after
{Heap after GC invocations=57 (full 3):
 PSYoungGen      total 17408K, used 1517K [0x00000000d5580000, 0x00000000d6800000, 0x0000000100000000)
  eden space 15872K, 0% used [0x00000000d5580000,0x00000000d5580000,0x00000000d6500000)
  from space 1536K, 98% used [0x00000000d6680000,0x00000000d67fb600,0x00000000d6800000)
  to   space 1536K, 0% used [0x00000000d6500000,0x00000000d6500000,0x00000000d6680000)
 ParOldGen       total 68608K, used 55159K [0x0000000080000000, 0x0000000084300000, 0x00000000d5580000)
  object space 68608K, 80% used [0x0000000080000000,0x00000000835ddea0,0x0000000084300000)
 Metaspace       used 58971K, committed 60416K, reserved 1114112K
  class space    used 6371K, committed 7040K, reserved 1048576K
}
Event: 18.775 GC heap before
{Heap before GC invocations=58 (full 3):
 PSYoungGen      total 17408K, used 17389K [0x00000000d5580000, 0x00000000d6800000, 0x0000000100000000)
  eden space 15872K, 100% used [0x00000000d5580000,0x00000000d6500000,0x00000000d6500000)
  from space 1536K, 98% used [0x00000000d6680000,0x00000000d67fb600,0x00000000d6800000)
  to   space 1536K, 0% used [0x00000000d6500000,0x00000000d6500000,0x00000000d6680000)
 ParOldGen       total 68608K, used 55159K [0x0000000080000000, 0x0000000084300000, 0x00000000d5580000)
  object space 68608K, 80% used [0x0000000080000000,0x00000000835ddea0,0x0000000084300000)
 Metaspace       used 59020K, committed 60480K, reserved 1114112K
  class space    used 6379K, committed 7040K, reserved 1048576K
}
Event: 18.788 GC heap after
{Heap after GC invocations=58 (full 3):
 PSYoungGen      total 17408K, used 1535K [0x00000000d5580000, 0x00000000d6800000, 0x0000000100000000)
  eden space 15872K, 0% used [0x00000000d5580000,0x00000000d5580000,0x00000000d6500000)
  from space 1536K, 99% used [0x00000000d6500000,0x00000000d667fc40,0x00000000d6680000)
  to   space 1536K, 0% used [0x00000000d6680000,0x00000000d6680000,0x00000000d6800000)
 ParOldGen       total 68608K, used 57528K [0x0000000080000000, 0x0000000084300000, 0x00000000d5580000)
  object space 68608K, 83% used [0x0000000080000000,0x000000008382e358,0x0000000084300000)
 Metaspace       used 59020K, committed 60480K, reserved 1114112K
  class space    used 6379K, committed 7040K, reserved 1048576K
}

