# JRE version: OpenJDK Runtime Environment Temurin-21.0.12.1+1 (21.0.12.1+1) (build 21.0.12.1+1-LTS)
# Java VM: OpenJDK 64-Bit Server VM Temurin-21.0.12.1+1 (21.0.12.1+1-LTS, mixed mode, sharing, tiered, compressed oops, compressed class ptrs, parallel gc, windows-amd64)
GC Precious Log:
 CardTable entry size: 512
 CPUs: 12 total, 12 available
 Memory: 5966M
 Large Page Support: Disabled
 NUMA Support: Disabled
 Compressed Oops: Enabled (32-bit)
 Alignments: Space 512K, Generation 512K, Heap 2M
 Heap Min Capacity: 100M
 Heap Initial Capacity: 100M
 Heap Max Capacity: 2G
 Pre-touch: Disabled
 Parallel Workers: 10
Heap:
 PSYoungGen      total 21504K, used 4900K [0x00000000d5580000, 0x00000000d6d00000, 0x0000000100000000)
  eden space 20992K, 20% used [0x00000000d5580000,0x00000000d59c91e0,0x00000000d6a00000)
  from space 512K, 100% used [0x00000000d6c00000,0x00000000d6c80000,0x00000000d6c80000)
  to   space 1536K, 0% used [0x00000000d6a00000,0x00000000d6a00000,0x00000000d6b80000)
 ParOldGen       total 68608K, used 52073K [0x0000000080000000, 0x0000000084300000, 0x00000000d5580000)
  object space 68608K, 75% used [0x0000000080000000,0x00000000832da5e0,0x0000000084300000)
 Metaspace       used 61946K, committed 63424K, reserved 1114112K
  class space    used 6631K, committed 7296K, reserved 1048576K
GC Heap History (20 events):
Event: 22.942 GC heap before
{Heap before GC invocations=54 (full 3):
 PSYoungGen      total 22016K, used 22011K [0x00000000d5580000, 0x00000000d7000000, 0x0000000100000000)
  eden space 20992K, 100% used [0x00000000d5580000,0x00000000d6a00000,0x00000000d6a00000)
  from space 1024K, 99% used [0x00000000d6f00000,0x00000000d6ffec98,0x00000000d7000000)
  to   space 2048K, 0% used [0x00000000d6c00000,0x00000000d6c00000,0x00000000d6e00000)
 ParOldGen       total 68608K, used 45861K [0x0000000080000000, 0x0000000084300000, 0x00000000d5580000)
  object space 68608K, 66% used [0x0000000080000000,0x0000000082cc9540,0x0000000084300000)
 Metaspace       used 60321K, committed 61632K, reserved 1114112K
  class space    used 6468K, committed 7040K, reserved 1048576K
}
Event: 22.947 GC heap after
{Heap after GC invocations=54 (full 3):
 PSYoungGen      total 23040K, used 593K [0x00000000d5580000, 0x00000000d6f80000, 0x0000000100000000)
  eden space 20992K, 0% used [0x00000000d5580000,0x00000000d5580000,0x00000000d6a00000)
  from space 2048K, 28% used [0x00000000d6c00000,0x00000000d6c94710,0x00000000d6e00000)
  to   space 1536K, 0% used [0x00000000d6e00000,0x00000000d6e00000,0x00000000d6f80000)
 ParOldGen       total 68608K, used 46695K [0x0000000080000000, 0x0000000084300000, 0x00000000d5580000)
  object space 68608K, 68% used [0x0000000080000000,0x0000000082d99d78,0x0000000084300000)
 Metaspace       used 60321K, committed 61632K, reserved 1114112K
  class space    used 6468K, committed 7040K, reserved 1048576K
}
Event: 23.026 GC heap before
{Heap before GC invocations=55 (full 3):
 PSYoungGen      total 23040K, used 21585K [0x00000000d5580000, 0x00000000d6f80000, 0x0000000100000000)
  eden space 20992K, 100% used [0x00000000d5580000,0x00000000d6a00000,0x00000000d6a00000)
  from space 2048K, 28% used [0x00000000d6c00000,0x00000000d6c94710,0x00000000d6e00000)
  to   space 1536K, 0% used [0x00000000d6e00000,0x00000000d6e00000,0x00000000d6f80000)
 ParOldGen       total 68608K, used 46695K [0x0000000080000000, 0x0000000084300000, 0x00000000d5580000)
  object space 68608K, 68% used [0x0000000080000000,0x0000000082d99d78,0x0000000084300000)
 Metaspace       used 60385K, committed 61760K, reserved 1114112K
  class space    used 6479K, committed 7104K, reserved 1048576K
}
Event: 23.030 GC heap after
{Heap after GC invocations=55 (full 3):
 PSYoungGen      total 22016K, used 576K [0x00000000d5580000, 0x00000000d6f00000, 0x0000000100000000)
  eden space 20992K, 0% used [0x00000000d5580000,0x00000000d5580000,0x00000000d6a00000)
  from space 1024K, 56% used [0x00000000d6e00000,0x00000000d6e90000,0x00000000d6f00000)
  to   space 1024K, 0% used [0x00000000d6d00000,0x00000000d6d00000,0x00000000d6e00000)
 ParOldGen       total 68608K, used 46969K [0x0000000080000000, 0x0000000084300000, 0x00000000d5580000)
  object space 68608K, 68% used [0x0000000080000000,0x0000000082dde488,0x0000000084300000)
 Metaspace       used 60385K, committed 61760K, reserved 1114112K
  class space    used 6479K, committed 7104K, reserved 1048576K
}
Event: 23.101 GC heap before
{Heap before GC invocations=56 (full 3):
 PSYoungGen      total 22016K, used 21568K [0x00000000d5580000, 0x00000000d6f00000, 0x0000000100000000)
  eden space 20992K, 100% used [0x00000000d5580000,0x00000000d6a00000,0x00000000d6a00000)
  from space 1024K, 56% used [0x00000000d6e00000,0x00000000d6e90000,0x00000000d6f00000)
  to   space 1024K, 0% used [0x00000000d6d00000,0x00000000d6d00000,0x00000000d6e00000)
 ParOldGen       total 68608K, used 46969K [0x0000000080000000, 0x0000000084300000, 0x00000000d5580000)
  object space 68608K, 68% used [0x0000000080000000,0x0000000082dde488,0x0000000084300000)
 Metaspace       used 60479K, committed 61824K, reserved 1114112K
  class space    used 6483K, committed 7104K, reserved 1048576K
}
Event: 23.103 GC heap after
{Heap after GC invocations=56 (full 3):
 PSYoungGen      total 22016K, used 592K [0x00000000d5580000, 0x00000000d6e80000, 0x0000000100000000)
  eden space 20992K, 0% used [0x00000000d5580000,0x00000000d5580000,0x00000000d6a00000)
  from space 1024K, 57% used [0x00000000d6d00000,0x00000000d6d94018,0x00000000d6e00000)
  to   space 512K, 0% used [0x00000000d6e00000,0x00000000d6e00000,0x00000000d6e80000)
 ParOldGen       total 68608K, used 47273K [0x0000000080000000, 0x0000000084300000, 0x00000000d5580000)
  object space 68608K, 68% used [0x0000000080000000,0x0000000082e2a488,0x0000000084300000)
 Metaspace       used 60479K, committed 61824K, reserved 1114112K
  class space    used 6483K, committed 7104K, reserved 1048576K
}
Event: 23.673 GC heap before
{Heap before GC invocations=57 (full 3):
 PSYoungGen      total 22016K, used 21584K [0x00000000d5580000, 0x00000000d6e80000, 0x0000000100000000)
  eden space 20992K, 100% used [0x00000000d5580000,0x00000000d6a00000,0x00000000d6a00000)
  from space 1024K, 57% used [0x00000000d6d00000,0x00000000d6d94018,0x00000000d6e00000)
  to   space 512K, 0% used [0x00000000d6e00000,0x00000000d6e00000,0x00000000d6e80000)
 ParOldGen       total 68608K, used 47273K [0x0000000080000000, 0x0000000084300000, 0x00000000d5580000)
  object space 68608K, 68% used [0x0000000080000000,0x0000000082e2a488,0x0000000084300000)
 Metaspace       used 61335K, committed 62784K, reserved 1114112K
  class space    used 6568K, committed 7232K, reserved 1048576K
}
Event: 23.678 GC heap after
{Heap after GC invocations=57 (full 3):
 PSYoungGen      total 21504K, used 493K [0x00000000d5580000, 0x00000000d6e80000, 0x0000000100000000)
  eden space 20992K, 0% used [0x00000000d5580000,0x00000000d5580000,0x00000000d6a00000)
  from space 512K, 96% used [0x00000000d6e00000,0x00000000d6e7b6d8,0x00000000d6e80000)
  to   space 1536K, 0% used [0x00000000d6b80000,0x00000000d6b80000,0x00000000d6d00000)
 ParOldGen       total 68608K, used 48074K [0x0000000080000000, 0x0000000084300000, 0x00000000d5580000)
  object space 68608K, 70% used [0x0000000080000000,0x0000000082ef2808,0x0000000084300000)
 Metaspace       used 61335K, committed 62784K, reserved 1114112K
  class space    used 6568K, committed 7232K, reserved 1048576K
}
Event: 24.371 GC heap before
{Heap before GC invocations=58 (full 3):
 PSYoungGen      total 21504K, used 21485K [0x00000000d5580000, 0x00000000d6e80000, 0x0000000100000000)
  eden space 20992K, 100% used [0x00000000d5580000,0x00000000d6a00000,0x00000000d6a00000)
  from space 512K, 96% used [0x00000000d6e00000,0x00000000d6e7b6d8,0x00000000d6e80000)
  to   space 1536K, 0% used [0x00000000d6b80000,0x00000000d6b80000,0x00000000d6d00000)
 ParOldGen       total 68608K, used 48074K [0x0000000080000000, 0x0000000084300000, 0x00000000d5580000)
  object space 68608K, 70% used [0x0000000080000000,0x0000000082ef2808,0x0000000084300000)
 Metaspace       used 61940K, committed 63360K, reserved 1114112K
  class space    used 6631K, committed 7296K, reserved 1048576K
}
Event: 24.377 GC heap after
{Heap after GC invocations=58 (full 3):
 PSYoungGen      total 22528K, used 1515K [0x00000000d5580000, 0x00000000d6f00000, 0x0000000100000000)
  eden space 20992K, 0% used [0x00000000d5580000,0x00000000d5580000,0x00000000d6a00000)
  from space 1536K, 98% used [0x00000000d6b80000,0x00000000d6cfae38,0x00000000d6d00000)
  to   space 2048K, 0% used [0x00000000d6d00000,0x00000000d6d00000,0x00000000d6f00000)
 ParOldGen       total 68608K, used 48606K [0x0000000080000000, 0x0000000084300000, 0x00000000d5580000)
  object space 68608K, 70% used [0x0000000080000000,0x0000000082f77950,0x0000000084300000)
 Metaspace       used 61940K, committed 63360K, reserved 1114112K
  class space    used 6631K, committed 7296K, reserved 1048576K
}
Event: 24.503 GC heap before
{Heap before GC invocations=59 (full 3):
 PSYoungGen      total 22528K, used 22507K [0x00000000d5580000, 0x00000000d6f00000, 0x0000000100000000)
  eden space 20992K, 100% used [0x00000000d5580000,0x00000000d6a00000,0x00000000d6a00000)
  from space 1536K, 98% used [0x00000000d6b80000,0x00000000d6cfae38,0x00000000d6d00000)
  to   space 2048K, 0% used [0x00000000d6d00000,0x00000000d6d00000,0x00000000d6f00000)
 ParOldGen       total 68608K, used 48606K [0x0000000080000000, 0x0000000084300000, 0x00000000d5580000)
  object space 68608K, 70% used [0x0000000080000000,0x0000000082f77950,0x0000000084300000)
 Metaspace       used 61941K, committed 63360K, reserved 1114112K
  class space    used 6631K, committed 7296K, reserved 1048576K
}
Event: 24.508 GC heap after
{Heap after GC invocations=59 (full 3):
 PSYoungGen      total 21504K, used 466K [0x00000000d5580000, 0x00000000d6d80000, 0x0000000100000000)
  eden space 20992K, 0% used [0x00000000d5580000,0x00000000d5580000,0x00000000d6a00000)
  from space 512K, 91% used [0x00000000d6d00000,0x00000000d6d74940,0x00000000d6d80000)
  to   space 1536K, 0% used [0x00000000d6a80000,0x00000000d6a80000,0x00000000d6c00000)
 ParOldGen       total 68608K, used 50014K [0x0000000080000000, 0x0000000084300000, 0x00000000d5580000)
  object space 68608K, 72% used [0x0000000080000000,0x00000000830d7b18,0x0000000084300000)
 Metaspace       used 61941K, committed 63360K, reserved 1114112K
  class space    used 6631K, committed 7296K, reserved 1048576K
}
Event: 24.550 GC heap before
{Heap before GC invocations=60 (full 3):
 PSYoungGen      total 21504K, used 21458K [0x00000000d5580000, 0x00000000d6d80000, 0x0000000100000000)
  eden space 20992K, 100% used [0x00000000d5580000,0x00000000d6a00000,0x00000000d6a00000)
  from space 512K, 91% used [0x00000000d6d00000,0x00000000d6d74940,0x00000000d6d80000)
  to   space 1536K, 0% used [0x00000000d6a80000,0x00000000d6a80000,0x00000000d6c00000)
 ParOldGen       total 68608K, used 50014K [0x0000000080000000, 0x0000000084300000, 0x00000000d5580000)
  object space 68608K, 72% used [0x0000000080000000,0x00000000830d7b18,0x0000000084300000)
 Metaspace       used 61942K, committed 63360K, reserved 1114112K
  class space    used 6631K, committed 7296K, reserved 1048576K
}
Event: 24.552 GC heap after
{Heap after GC invocations=60 (full 3):
 PSYoungGen      total 22528K, used 1290K [0x00000000d5580000, 0x00000000d6d80000, 0x0000000100000000)
  eden space 20992K, 0% used [0x00000000d5580000,0x00000000d5580000,0x00000000d6a00000)
  from space 1536K, 84% used [0x00000000d6a80000,0x00000000d6bc2918,0x00000000d6c00000)
  to   space 1536K, 0% used [0x00000000d6c00000,0x00000000d6c00000,0x00000000d6d80000)
 ParOldGen       total 68608K, used 50299K [0x0000000080000000, 0x0000000084300000, 0x00000000d5580000)
  object space 68608K, 73% used [0x0000000080000000,0x000000008311ee00,0x0000000084300000)
 Metaspace       used 61942K, committed 63360K, reserved 1114112K
  class space    used 6631K, committed 7296K, reserved 1048576K
}
Event: 24.570 GC heap before
{Heap before GC invocations=61 (full 3):
 PSYoungGen      total 22528K, used 22282K [0x00000000d5580000, 0x00000000d6d80000, 0x0000000100000000)
  eden space 20992K, 100% used [0x00000000d5580000,0x00000000d6a00000,0x00000000d6a00000)
  from space 1536K, 84% used [0x00000000d6a80000,0x00000000d6bc2918,0x00000000d6c00000)
  to   space 1536K, 0% used [0x00000000d6c00000,0x00000000d6c00000,0x00000000d6d80000)
 ParOldGen       total 68608K, used 50299K [0x0000000080000000, 0x0000000084300000, 0x00000000d5580000)
  object space 68608K, 73% used [0x0000000080000000,0x000000008311ee00,0x0000000084300000)
 Metaspace       used 61942K, committed 63360K, reserved 1114112K
  class space    used 6631K, committed 7296K, reserved 1048576K
}
Event: 24.573 GC heap after
{Heap after GC invocations=61 (full 3):
 PSYoungGen      total 22016K, used 576K [0x00000000d5580000, 0x00000000d6d00000, 0x0000000100000000)
  eden space 20992K, 0% used [0x00000000d5580000,0x00000000d5580000,0x00000000d6a00000)
  from space 1024K, 56% used [0x00000000d6c00000,0x00000000d6c90000,0x00000000d6d00000)
  to   space 1024K, 0% used [0x00000000d6b00000,0x00000000d6b00000,0x00000000d6c00000)
 ParOldGen       total 68608K, used 51065K [0x0000000080000000, 0x0000000084300000, 0x00000000d5580000)
  object space 68608K, 74% used [0x0000000080000000,0x00000000831de498,0x0000000084300000)
 Metaspace       used 61942K, committed 63360K, reserved 1114112K
  class space    used 6631K, committed 7296K, reserved 1048576K
}
Event: 24.594 GC heap before
{Heap before GC invocations=62 (full 3):
 PSYoungGen      total 22016K, used 21568K [0x00000000d5580000, 0x00000000d6d00000, 0x0000000100000000)
  eden space 20992K, 100% used [0x00000000d5580000,0x00000000d6a00000,0x00000000d6a00000)
  from space 1024K, 56% used [0x00000000d6c00000,0x00000000d6c90000,0x00000000d6d00000)
  to   space 1024K, 0% used [0x00000000d6b00000,0x00000000d6b00000,0x00000000d6c00000)
 ParOldGen       total 68608K, used 51065K [0x0000000080000000, 0x0000000084300000, 0x00000000d5580000)
  object space 68608K, 74% used [0x0000000080000000,0x00000000831de498,0x0000000084300000)
 Metaspace       used 61942K, committed 63360K, reserved 1114112K
  class space    used 6631K, committed 7296K, reserved 1048576K
}
Event: 24.598 GC heap after
{Heap after GC invocations=62 (full 3):
 PSYoungGen      total 22016K, used 672K [0x00000000d5580000, 0x00000000d6c80000, 0x0000000100000000)
  eden space 20992K, 0% used [0x00000000d5580000,0x00000000d5580000,0x00000000d6a00000)
  from space 1024K, 65% used [0x00000000d6b00000,0x00000000d6ba8000,0x00000000d6c00000)
  to   space 512K, 0% used [0x00000000d6c00000,0x00000000d6c00000,0x00000000d6c80000)
 ParOldGen       total 68608K, used 51521K [0x0000000080000000, 0x0000000084300000, 0x00000000d5580000)
  object space 68608K, 75% used [0x0000000080000000,0x0000000083250498,0x0000000084300000)
 Metaspace       used 61942K, committed 63360K, reserved 1114112K
  class space    used 6631K, committed 7296K, reserved 1048576K
}
Event: 24.656 GC heap before
{Heap before GC invocations=63 (full 3):
 PSYoungGen      total 22016K, used 21664K [0x00000000d5580000, 0x00000000d6c80000, 0x0000000100000000)
  eden space 20992K, 100% used [0x00000000d5580000,0x00000000d6a00000,0x00000000d6a00000)
  from space 1024K, 65% used [0x00000000d6b00000,0x00000000d6ba8000,0x00000000d6c00000)
  to   space 512K, 0% used [0x00000000d6c00000,0x00000000d6c00000,0x00000000d6c80000)
 ParOldGen       total 68608K, used 51521K [0x0000000080000000, 0x0000000084300000, 0x00000000d5580000)
  object space 68608K, 75% used [0x0000000080000000,0x0000000083250498,0x0000000084300000)
 Metaspace       used 61944K, committed 63360K, reserved 1114112K
  class space    used 6631K, committed 7296K, reserved 1048576K
}
Event: 24.659 GC heap after
{Heap after GC invocations=63 (full 3):
 PSYoungGen      total 21504K, used 512K [0x00000000d5580000, 0x00000000d6d00000, 0x0000000100000000)
  eden space 20992K, 0% used [0x00000000d5580000,0x00000000d5580000,0x00000000d6a00000)
  from space 512K, 100% used [0x00000000d6c00000,0x00000000d6c80000,0x00000000d6c80000)
  to   space 1536K, 0% used [0x00000000d6a00000,0x00000000d6a00000,0x00000000d6b80000)
 ParOldGen       total 68608K, used 52073K [0x0000000080000000, 0x0000000084300000, 0x00000000d5580000)
  object space 68608K, 75% used [0x0000000080000000,0x00000000832da5e0,0x0000000084300000)
 Metaspace       used 61944K, committed 63360K, reserved 1114112K
  class space    used 6631K, committed 7296K, reserved 1048576K
}

